app/build/outputs/logs/manifest-merger-debug-report.txt
-- Merging decision tree log ---
manifest
ADDED from src\main\AndroidManifest.xml:2:1-48:12
	package
		ADDED from src\main\AndroidManifest.xml:3:5-31
		INJECTED from src\main\AndroidManifest.xml
		INJECTED from src\main\AndroidManifest.xml
	android:versionName
		INJECTED from src\main\AndroidManifest.xml
		INJECTED from src\main\AndroidManifest.xml
	xmlns:android
		ADDED from src\main\AndroidManifest.xml:2:11-69
	android:versionCode
		INJECTED from src\main\AndroidManifest.xml
		INJECTED from src\main\AndroidManifest.xml
uses-permission#android.permission.BLUETOOTH
ADDED from src\main\AndroidManifest.xml:4:5-67
	android:name
		ADDED from src\main\AndroidManifest.xml:4:22-65
uses-permission#android.permission.BLUETOOTH_ADMIN
ADDED from src\main\AndroidManifest.xml:5:5-73
	android:name
		ADDED from src\main\AndroidManifest.xml:5:22-71
uses-feature#android.hardware.nfc
ADDED from src\main\AndroidManifest.xml:6:5-8:35
	android:required
		ADDED from src\main\AndroidManifest.xml:8:9-32
	android:name
		ADDED from src\main\AndroidManifest.xml:7:9-44
uses-permission#android.permission.NFC
ADDED from src\main\AndroidManifest.xml:9:5-62
	android:name
		ADDED from src\main\AndroidManifest.xml:9:22-59
application
ADDED from src\main\AndroidManifest.xml:10:5-46:19
MERGED from [com.android.support:appcompat-v7:23.0.1] AndroidManifest.xml:22:5-20
MERGED from [com.android.support:support-v4:23.1.0] AndroidManifest.xml:22:5-20
MERGED from [com.android.support:design:23.0.1] AndroidManifest.xml:22:5-20
MERGED from [com.android.support:support-v4:23.1.0] AndroidManifest.xml:22:5-20
MERGED from [com.android.support:appcompat-v7:23.0.1] AndroidManifest.xml:22:5-20
MERGED from [com.android.support:support-v4:23.1.0] AndroidManifest.xml:22:5-20
MERGED from [de.hdodenhof:circleimageview:1.3.0] AndroidManifest.xml:9:5-20
MERGED from [com.android.support:support-v4:23.1.0] AndroidManifest.xml:22:5-20
MERGED from [com.github.clans:fab:1.6.1] AndroidManifest.xml:12:5-20
MERGED from [com.android.support:cardview-v7:23.0.1] AndroidManifest.xml:22:5-20
	android:screenOrientation
		ADDED from src\main\AndroidManifest.xml:15:9-45
	android:label
		ADDED from src\main\AndroidManifest.xml:13:9-41
	android:configChanges
		ADDED from src\main\AndroidManifest.xml:14:9-44
	android:allowBackup
		ADDED from src\main\AndroidManifest.xml:11:9-35
	android:icon
		ADDED from src\main\AndroidManifest.xml:12:9-43
	android:theme
		ADDED from src\main\AndroidManifest.xml:16:9-40
activity#project.com.isly.MainActivity
ADDED from src\main\AndroidManifest.xml:18:9-28:20
	android:screenOrientation
		ADDED from src\main\AndroidManifest.xml:20:13-49
	android:label
		ADDED from src\main\AndroidManifest.xml:22:13-45
	android:windowSoftInputMode
		ADDED from src\main\AndroidManifest.xml:23:13-65
	android:configChanges
		ADDED from src\main\AndroidManifest.xml:19:13-48
	android:name
		ADDED from src\main\AndroidManifest.xml:21:13-41
intent-filter#android.intent.action.VIEW+android.intent.category.default
ADDED from src\main\AndroidManifest.xml:24:13-27:29
action#android.intent.action.VIEW
ADDED from src\main\AndroidManifest.xml:25:17-69
	android:name
		ADDED from src\main\AndroidManifest.xml:25:25-66
category#android.intent.category.default
ADDED from src\main\AndroidManifest.xml:26:17-76
	android:name
		ADDED from src\main\AndroidManifest.xml:26:27-73
activity#project.com.isly.Login
ADDED from src\main\AndroidManifest.xml:29:9-39:20
	android:label
		ADDED from src\main\AndroidManifest.xml:31:13-45
	android:name
		ADDED from src\main\AndroidManifest.xml:30:13-34
intent-filter#android.intent.action.MAIN+android.intent.category.LAUNCHER
ADDED from src\main\AndroidManifest.xml:32:13-36:29
action#android.intent.action.MAIN
ADDED from src\main\AndroidManifest.xml:33:17-69
	android:name
		ADDED from src\main\AndroidManifest.xml:33:25-66
category#android.intent.category.LAUNCHER
ADDED from src\main\AndroidManifest.xml:35:17-77
	android:name
		ADDED from src\main\AndroidManifest.xml:35:27-74
activity#project.com.isly.Take
ADDED from src\main\AndroidManifest.xml:41:9-45:20
	android:label
		ADDED from src\main\AndroidManifest.xml:43:13-45
	android:name
		ADDED from src\main\AndroidManifest.xml:42:13-33
uses-sdk
INJECTED from src\main\AndroidManifest.xml reason: use-sdk injection requested
MERGED from [com.android.support:multidex:1.0.1] AndroidManifest.xml:18:5-42
MERGED from [com.android.support:appcompat-v7:23.0.1] AndroidManifest.xml:20:5-43
MERGED from [com.android.support:support-v4:23.1.0] AndroidManifest.xml:20:5-43
MERGED from [com.android.support:design:23.0.1] AndroidManifest.xml:20:5-43
MERGED from [com.android.support:support-v4:23.1.0] AndroidManifest.xml:20:5-43
MERGED from [com.android.support:appcompat-v7:23.0.1] AndroidManifest.xml:20:5-43
MERGED from [com.android.support:support-v4:23.1.0] AndroidManifest.xml:20:5-43
MERGED from [de.hdodenhof:circleimageview:1.3.0] AndroidManifest.xml:5:5-7:41
MERGED from [com.android.support:recyclerview-v7:23.1.0] AndroidManifest.xml:20:5-43
MERGED from [com.android.support:support-v4:23.1.0] AndroidManifest.xml:20:5-43
MERGED from [com.github.clans:fab:1.6.1] AndroidManifest.xml:8:5-10:41
MERGED from [com.android.support:cardview-v7:23.0.1] AndroidManifest.xml:20:5-43
	android:targetSdkVersion
		INJECTED from src\main\AndroidManifest.xml
		INJECTED from src\main\AndroidManifest.xml
	android:minSdkVersion
		INJECTED from src\main\AndroidManifest.xml
		INJECTED from src\main\AndroidManifest.xml